<?xml version="1.0" encoding="UTF-8"?>
<!-- Generated by org.testng.reporters.JUnitReportReporter -->
<testsuite skipped="0" hostname="AjeetYadav" name="testngPart2.testGroupRun" tests="2" failures="0" timestamp="05 Nov 2018 15:22:18 GMT" time="0.016" errors="0">
  <testcase name="doLogin" time="0.009" classname="testngPart2.testGroupRun"/>
  <testcase name="fillForm" time="0.007" classname="testngPart2.testGroupRun"/>
</testsuite> <!-- testngPart2.testGroupRun -->
