<?xml version="1.0" encoding="UTF-8"?>
<!-- Generated by org.testng.reporters.JUnitReportReporter -->
<testsuite skipped="0" hostname="AjeetYadav" name="simpleListners.adminPanelTest" tests="3" failures="0" timestamp="05 Nov 2018 17:00:36 GMT" time="0.056" errors="0">
  <testcase name="Login" time="0.032" classname="simpleListners.adminPanelTest"/>
  <testcase name="fill" time="0.007" classname="simpleListners.adminPanelTest"/>
  <testcase name="validateData" time="0.017" classname="simpleListners.adminPanelTest"/>
</testsuite> <!-- simpleListners.adminPanelTest -->
