<?xml version="1.0" encoding="UTF-8"?>
<!-- Generated by org.testng.reporters.JUnitReportReporter -->
<testsuite skipped="2" hostname="AjeetYadav" name="day4.product" tests="2" failures="0" timestamp="08 Oct 2018 16:01:27 GMT" time="0.000" errors="0">
  <testcase name="product" time="0.000" classname="day4.product">
    <skipped/>
  </testcase> <!-- product -->
  <testcase name="productquant" time="0.000" classname="day4.product">
    <skipped/>
  </testcase> <!-- productquant -->
</testsuite> <!-- day4.product -->
