<?xml version="1.0" encoding="UTF-8"?>
<!-- Generated by org.testng.reporters.JUnitReportReporter -->
<testsuite skipped="0" hostname="AjeetYadav" name="testNGDataDriven.useDataProvider" tests="1" failures="0" timestamp="12 Dec 2018 18:10:34 GMT" time="0.721" errors="0">
  <testcase name="doLogin" time="0.721" classname="testNGDataDriven.useDataProvider"/>
</testsuite> <!-- testNGDataDriven.useDataProvider -->
