<?xml version="1.0" encoding="UTF-8"?>
<!-- Generated by org.testng.reporters.JUnitReportReporter -->
<testsuite skipped="0" hostname="AjeetYadav" name="testngPart2.testwithPriority" tests="5" failures="0" timestamp="05 Nov 2018 14:38:40 GMT" time="0.132" errors="0">
  <testcase name="doLogin" time="0.052" classname="testngPart2.testwithPriority"/>
  <testcase name="doProfile" time="0.043" classname="testngPart2.testwithPriority"/>
  <testcase name="billingPage" time="0.011" classname="testngPart2.testwithPriority"/>
  <testcase name="productPage" time="0.021" classname="testngPart2.testwithPriority"/>
  <testcase name="OrdersPage" time="0.005" classname="testngPart2.testwithPriority"/>
</testsuite> <!-- testngPart2.testwithPriority -->
