<?xml version="1.0" encoding="UTF-8"?>
<!-- Generated by org.testng.reporters.JUnitReportReporter -->
<testsuite skipped="0" hostname="AjeetYadav" name="testngPart2.testGroup2" tests="1" failures="0" timestamp="05 Nov 2018 15:22:18 GMT" time="0.028" errors="0">
  <testcase name="validateResults" time="0.028" classname="testngPart2.testGroup2"/>
</testsuite> <!-- testngPart2.testGroup2 -->
