<?xml version="1.0" encoding="UTF-8"?>
<!-- Generated by org.testng.reporters.JUnitReportReporter -->
<testsuite skipped="2" hostname="AjeetYadav" name="day4.testngimplementations" tests="2" failures="0" timestamp="08 Oct 2018 16:01:27 GMT" time="0.000" errors="0">
  <testcase name="userReg" time="0.000" classname="day4.testngimplementations">
    <skipped/>
  </testcase> <!-- userReg -->
  <testcase name="doLogin" time="0.000" classname="day4.testngimplementations">
    <skipped/>
  </testcase> <!-- doLogin -->
</testsuite> <!-- day4.testngimplementations -->
