<?xml version="1.0" encoding="UTF-8"?>
<!-- Generated by org.testng.reporters.JUnitReportReporter -->
<testsuite skipped="0" hostname="AjeetYadav" name="day4.testparameter" tests="3" failures="0" timestamp="04 Nov 2018 07:26:02 GMT" time="0.041" errors="0">
  <testcase name="doLogin" time="0.010" classname="day4.testparameter"/>
  <testcase name="doLogin" time="0.026" classname="day4.testparameter"/>
  <testcase name="doLogin" time="0.005" classname="day4.testparameter"/>
</testsuite> <!-- day4.testparameter -->
